Arguments: 
  D:\Program Files\nodejs\node.exe C:\Users\Administrator\AppData\Roaming\npm\node_modules\yarn\bin\yarn.js init

PATH: 
  C:\Windows\system32;C:\Windows;C:\Windows\System32\Wbem;C:\Windows\System32\WindowsPowerShell\v1.0\;C:\Program Files\Intel\WiFi\bin\;C:\Program Files\Common Files\Intel\WirelessCommon\;C:\Program Files\Lenovo\Fingerprint Manager Pro\;D:\Program Files\nodejs\;C:\Program Files\Intel\WiFi\bin\;C:\Program Files\Common Files\Intel\WirelessCommon\;C:\Users\Administrator\AppData\Roaming\npm

Yarn version: 
  1.3.2

Node version: 
  8.9.0

Platform: 
  win32 x64

npm manifest: 
  {
    "name": "test",
    "version": "",
    "description": "react-redux",
    "main": "index.html",
    "scripts": {
      "server":"node ./servertest/server.js",
      "dev": "node ./build/server.js",
      "hot": "node ./build/server_hot.js",
      "dist": "webpack --config ./build/webpack.config.dist.js --progress --colors --watch -p"
    },
    "repository": {
      "type": "github",
      "url": "https://github.com/bailicangdu/pxq"
    },
    "author": "",
    "license": "ISC",
    "bugs": {
      "url": "https://github.com/bailicangdu/pxq/issues"
    },
    "homepage": "https://github.com/bailicangdu/pxq#readme",
    "dependencies": {
      "github-markdown-css": "^2.4.0",
      "immutable": "^3.8.1",
      "isomorphic-fetch": "^2.2.1",
      "normalize.css": "^4.1.1",
      "pure-render-decorator": "^1.2.1",
      "react": "^15.6.2",
      "react-dom": "^15.6.2",
      "react-redux": "^4.4.5",
      "react-router": "^2.8.1",
      "redux": "^3.6.0",
      "redux-immutablejs": "^0.0.8",
      "redux-promise": "^0.5.3",
      "redux-thunk": "^2.1.0"
    },
    "devDependencies": {
      "autoprefixer-loader": "^3.2.0",
      "babel-core": "^6.18.2",
      "babel-loader": "^6.2.8",
      "babel-plugin-transform-class-properties": "^6.23.0",
      "babel-plugin-transform-decorators-legacy": "^1.3.4",
      "babel-polyfill": "^6.26.0",
      "babel-preset-es2015": "^6.6.0",
      "babel-preset-react": "^6.5.0",
      "babel-preset-react-hmre": "^1.1.1",
      "babel-preset-stage-0": "^6.16.0",
      "body-parser": "^1.15.1",
      "css-loader": "^0.23.1",
      "express": "^4.14.0",
      "extract-text-webpack-plugin": "^1.0.1",
      "file-loader": "^0.8.5",
      "html-webpack-plugin": "^2.22.0",
      "http-proxy-middleware": "^0.17.3",
      "jsx-loader": "^0.13.2",
      "less": "^2.6.1",
      "less-loader": "^2.2.3",
      "node-sass": "^4.7.2",
      "react-hot-loader": "^1.3.1",
      "react-transform-catch-errors": "^1.0.2",
      "react-transform-hmr": "^1.0.4",
      "redbox-react": "^1.3.3",
      "sass": "^0.5.0",
      "sass-loader": "^4.0.2",
      "style-loader": "^0.13.1",
      "url-loader": "^0.5.7",
      "webpack": "^1.13.0",
      "webpack-dev-middleware": "^1.8.4",
      "webpack-dev-server": "1.14.1",
      "webpack-hot-middleware": "^2.13.2"
    }
  }

yarn manifest: 
  No manifest

Lockfile: 
  No lockfile

Trace: 
  Error: canceled
      at Interface.<anonymous> (C:\Users\Administrator\AppData\Roaming\npm\node_modules\yarn\lib\cli.js:121045:13)
      at emitNone (events.js:106:13)
      at Interface.emit (events.js:208:7)
      at Interface._ttyWrite (readline.js:775:16)
      at ReadStream.onkeypress (readline.js:160:10)
      at emitTwo (events.js:126:13)
      at ReadStream.emit (events.js:214:7)
      at emitKeys (internal/readline.js:420:14)
      at emitKeys.next (<anonymous>)
      at ReadStream.onData (readline.js:1011:36)
